<?xml version="1.0" encoding="UTF-8"?>
<!-- Generated by org.testng.reporters.JUnitXMLReporter -->
<testsuite ignored="0" hostname="Dell" failures="0" tests="3" name="Default test" time="43.474" errors="0" timestamp="2022-10-17T18:41:22 IST">
  <testcase classname="test.cases.LoginFunctionality" name="Login" time="28.944"/>
  <testcase classname="test.cases.LoginFunctionality" name="Profile" time="2.333"/>
  <testcase classname="test.cases.LoginFunctionality" name="LogoutClick" time="3.691"/>
</testsuite> <!-- Default test -->
