<?xml version="1.0" encoding="UTF-8"?>
<!-- Generated by org.testng.reporters.JUnitXMLReporter -->
<testsuite ignored="2" hostname="Dell" failures="1" tests="3" name="Tests" time="54.096" errors="0" timestamp="2022-10-17T18:45:26 IST">
  <testcase classname="test.cases.LoginFunctionality" name="Login" time="40.11"/>
  <testcase classname="test.cases.LoginFunctionality" name="Profile" time="4.297"/>
  <testcase classname="test.cases.LogoutFunctionality" name="LogoutFunction" time="0.002">
    <failure type="java.lang.NullPointerException" message="Cannot invoke &amp;quot;org.openqa.selenium.SearchContext.findElement(org.openqa.selenium.By)&amp;quot; because &amp;quot;this.searchContext&amp;quot; is null">
      <![CDATA[java.lang.NullPointerException: Cannot invoke "org.openqa.selenium.SearchContext.findElement(org.openqa.selenium.By)" because "this.searchContext" is null
at org.openqa.selenium.support.pagefactory.DefaultElementLocator.findElement(DefaultElementLocator.java:70)
at org.openqa.selenium.support.pagefactory.internal.LocatingElementHandler.invoke(LocatingElementHandler.java:39)
at jdk.proxy2/jdk.proxy2.$Proxy16.click(Unknown Source)
at page.classes.LogoutClass.LogoutBtnClick(LogoutClass.java:23)
at test.cases.LogoutFunctionality.LogoutFunction(LogoutFunctionality.java:14)
at java.base/java.util.ArrayList.forEach(ArrayList.java:1511)
... Removed 27 stack frames]]>
    </failure>
  </testcase> <!-- LogoutFunction -->
  <testcase classname="base.classes.BaseClass" name="@AfterTest TearUp" time="0.0">
    <ignored/>
  </testcase> <!-- @AfterTest TearUp -->
  <testcase classname="base.classes.BaseClass" name="@BeforeTest browserSet" time="0.0">
    <ignored/>
  </testcase> <!-- @BeforeTest browserSet -->
</testsuite> <!-- Tests -->
